0 info it worked if it ends with ok
1 verbose cli [ 'node', '/usr/local/bin/npm', 'install', 'node-webkit-updater' ]
2 info using npm@2.7.4
3 info using node@v0.12.2
4 verbose stack Error: Failed to parse json
4 verbose stack Unexpected token '/' at 2:27
4 verbose stack     "main": "LogIn.html", // 启动页面
4 verbose stack                           ^
4 verbose stack     at parseError (/usr/local/lib/node_modules/npm/node_modules/read-package-json/read-json.js:406:25)
4 verbose stack     at parseJson (/usr/local/lib/node_modules/npm/node_modules/read-package-json/read-json.js:86:51)
4 verbose stack     at /usr/local/lib/node_modules/npm/node_modules/read-package-json/read-json.js:60:33
4 verbose stack     at evalmachine.<anonymous>:334:14
4 verbose stack     at /usr/local/lib/node_modules/npm/node_modules/graceful-fs/graceful-fs.js:102:5
4 verbose stack     at FSReqWrap.oncomplete (evalmachine.<anonymous>:95:15)
5 verbose cwd /Users/Erin/git/QuickNote/public
6 error Darwin 15.5.0
7 error argv "node" "/usr/local/bin/npm" "install" "node-webkit-updater"
8 error node v0.12.2
9 error npm  v2.7.4
10 error file /Users/Erin/git/QuickNote/public/package.json
11 error code EJSONPARSE
12 error Failed to parse json
12 error Unexpected token '/' at 2:27
12 error     "main": "LogIn.html", // 启动页面
12 error                           ^
13 error File: /Users/Erin/git/QuickNote/public/package.json
14 error Failed to parse package.json data.
14 error package.json must be actual JSON, not just JavaScript.
14 error
14 error This is not a bug in npm.
14 error Tell the package author to fix their package.json file. JSON.parse
15 verbose exit [ 1, true ]
